<?xml version="1.0" encoding="UTF-8"?>
<!-- Generated by org.testng.reporters.JUnitReportReporter -->
<testsuite hostname="amakarovych-ua-1" name="com.informatica.cci.direct.CCIRuntimeWriter" tests="22" failures="0" timestamp="5 Jul 2023 10:12:36 GMT" time="2.613" errors="0">
  <testcase name="write" time="0.141" classname="com.informatica.cci.direct.CCIRuntimeWriter"/>
  <testcase name="write" time="0.006" classname="com.informatica.cci.direct.CCIRuntimeWriter"/>
  <testcase name="write" time="0.136" classname="com.informatica.cci.direct.CCIRuntimeWriter"/>
  <testcase name="write" time="0.111" classname="com.informatica.cci.direct.CCIRuntimeWriter"/>
  <testcase name="write" time="0.168" classname="com.informatica.cci.direct.CCIRuntimeWriter"/>
  <testcase name="write" time="0.176" classname="com.informatica.cci.direct.CCIRuntimeWriter"/>
  <testcase name="write" time="0.132" classname="com.informatica.cci.direct.CCIRuntimeWriter"/>
  <testcase name="write" time="0.142" classname="com.informatica.cci.direct.CCIRuntimeWriter"/>
  <testcase name="write" time="0.079" classname="com.informatica.cci.direct.CCIRuntimeWriter"/>
  <testcase name="write" time="0.119" classname="com.informatica.cci.direct.CCIRuntimeWriter"/>
  <testcase name="write" time="0.148" classname="com.informatica.cci.direct.CCIRuntimeWriter"/>
  <testcase name="write" time="0.170" classname="com.informatica.cci.direct.CCIRuntimeWriter"/>
  <testcase name="write" time="0.003" classname="com.informatica.cci.direct.CCIRuntimeWriter"/>
  <testcase name="write" time="0.003" classname="com.informatica.cci.direct.CCIRuntimeWriter"/>
  <testcase name="write" time="0.158" classname="com.informatica.cci.direct.CCIRuntimeWriter"/>
  <testcase name="write" time="0.143" classname="com.informatica.cci.direct.CCIRuntimeWriter"/>
  <testcase name="write" time="0.228" classname="com.informatica.cci.direct.CCIRuntimeWriter"/>
  <testcase name="write" time="0.151" classname="com.informatica.cci.direct.CCIRuntimeWriter"/>
  <testcase name="write" time="0.048" classname="com.informatica.cci.direct.CCIRuntimeWriter"/>
  <testcase name="write" time="0.124" classname="com.informatica.cci.direct.CCIRuntimeWriter"/>
  <testcase name="write" time="0.158" classname="com.informatica.cci.direct.CCIRuntimeWriter"/>
  <testcase name="write" time="0.069" classname="com.informatica.cci.direct.CCIRuntimeWriter"/>
</testsuite> <!-- com.informatica.cci.direct.CCIRuntimeWriter -->
