<?xml version="1.0" encoding="UTF-8"?>
<!-- Generated by org.testng.reporters.JUnitReportReporter -->
<testsuite hostname="amakarovych-ua-1" name="com.informatica.cci.direct.CCIMetadataSearch" tests="6" failures="0" timestamp="5 Jul 2023 10:12:36 GMT" time="0.032" errors="0">
  <testcase name="getMetadata" time="0.004" classname="com.informatica.cci.direct.CCIMetadataSearch"/>
  <testcase name="getMetadata" time="0.006" classname="com.informatica.cci.direct.CCIMetadataSearch"/>
  <testcase name="getMetadata" time="0.005" classname="com.informatica.cci.direct.CCIMetadataSearch"/>
  <testcase name="getMetadata" time="0.006" classname="com.informatica.cci.direct.CCIMetadataSearch"/>
  <testcase name="getMetadata" time="0.006" classname="com.informatica.cci.direct.CCIMetadataSearch"/>
  <testcase name="getMetadata" time="0.005" classname="com.informatica.cci.direct.CCIMetadataSearch"/>
</testsuite> <!-- com.informatica.cci.direct.CCIMetadataSearch -->
