<?xml version="1.0" encoding="UTF-8"?>
<!-- Generated by org.testng.reporters.JUnitReportReporter -->
<testsuite hostname="amakarovych-ua-1" name="com.informatica.cci.direct.CCIRuntimeReaderAllExpr" tests="34" failures="0" timestamp="5 Jul 2023 10:12:36 GMT" time="39.604" errors="0">
  <testcase name="read" time="0.128" classname="com.informatica.cci.direct.CCIRuntimeReaderAllExpr"/>
  <testcase name="read" time="1.827" classname="com.informatica.cci.direct.CCIRuntimeReaderAllExpr"/>
  <testcase name="read" time="2.964" classname="com.informatica.cci.direct.CCIRuntimeReaderAllExpr"/>
  <testcase name="read" time="0.137" classname="com.informatica.cci.direct.CCIRuntimeReaderAllExpr"/>
  <testcase name="read" time="1.981" classname="com.informatica.cci.direct.CCIRuntimeReaderAllExpr"/>
  <testcase name="read" time="1.749" classname="com.informatica.cci.direct.CCIRuntimeReaderAllExpr"/>
  <testcase name="read" time="0.124" classname="com.informatica.cci.direct.CCIRuntimeReaderAllExpr"/>
  <testcase name="read" time="2.098" classname="com.informatica.cci.direct.CCIRuntimeReaderAllExpr"/>
  <testcase name="read" time="2.447" classname="com.informatica.cci.direct.CCIRuntimeReaderAllExpr"/>
  <testcase name="read" time="0.089" classname="com.informatica.cci.direct.CCIRuntimeReaderAllExpr"/>
  <testcase name="read" time="0.126" classname="com.informatica.cci.direct.CCIRuntimeReaderAllExpr"/>
  <testcase name="read" time="1.493" classname="com.informatica.cci.direct.CCIRuntimeReaderAllExpr"/>
  <testcase name="read" time="0.120" classname="com.informatica.cci.direct.CCIRuntimeReaderAllExpr"/>
  <testcase name="read" time="0.125" classname="com.informatica.cci.direct.CCIRuntimeReaderAllExpr"/>
  <testcase name="read" time="0.148" classname="com.informatica.cci.direct.CCIRuntimeReaderAllExpr"/>
  <testcase name="read" time="2.126" classname="com.informatica.cci.direct.CCIRuntimeReaderAllExpr"/>
  <testcase name="read" time="1.658" classname="com.informatica.cci.direct.CCIRuntimeReaderAllExpr"/>
  <testcase name="read" time="0.169" classname="com.informatica.cci.direct.CCIRuntimeReaderAllExpr"/>
  <testcase name="read" time="3.156" classname="com.informatica.cci.direct.CCIRuntimeReaderAllExpr"/>
  <testcase name="read" time="0.060" classname="com.informatica.cci.direct.CCIRuntimeReaderAllExpr"/>
  <testcase name="read" time="1.590" classname="com.informatica.cci.direct.CCIRuntimeReaderAllExpr"/>
  <testcase name="read" time="0.366" classname="com.informatica.cci.direct.CCIRuntimeReaderAllExpr"/>
  <testcase name="read" time="1.727" classname="com.informatica.cci.direct.CCIRuntimeReaderAllExpr"/>
  <testcase name="read" time="2.320" classname="com.informatica.cci.direct.CCIRuntimeReaderAllExpr"/>
  <testcase name="read" time="0.056" classname="com.informatica.cci.direct.CCIRuntimeReaderAllExpr"/>
  <testcase name="read" time="2.339" classname="com.informatica.cci.direct.CCIRuntimeReaderAllExpr"/>
  <testcase name="read" time="2.333" classname="com.informatica.cci.direct.CCIRuntimeReaderAllExpr"/>
  <testcase name="read" time="0.068" classname="com.informatica.cci.direct.CCIRuntimeReaderAllExpr"/>
  <testcase name="read" time="1.740" classname="com.informatica.cci.direct.CCIRuntimeReaderAllExpr"/>
  <testcase name="read" time="0.082" classname="com.informatica.cci.direct.CCIRuntimeReaderAllExpr"/>
  <testcase name="read" time="0.124" classname="com.informatica.cci.direct.CCIRuntimeReaderAllExpr"/>
  <testcase name="read" time="0.171" classname="com.informatica.cci.direct.CCIRuntimeReaderAllExpr"/>
  <testcase name="read" time="1.879" classname="com.informatica.cci.direct.CCIRuntimeReaderAllExpr"/>
  <testcase name="read" time="2.084" classname="com.informatica.cci.direct.CCIRuntimeReaderAllExpr"/>
</testsuite> <!-- com.informatica.cci.direct.CCIRuntimeReaderAllExpr -->
