<?xml version="1.0" encoding="UTF-8"?>
<!-- Generated by org.testng.reporters.JUnitReportReporter -->
<testsuite hostname="amakarovych-ua-1" name="com.informatica.cci.direct.CCIMetadataRecordInformation" tests="1" failures="0" timestamp="5 Jul 2023 10:12:36 GMT" time="0.244" errors="0">
  <testcase name="getMetadata" time="0.244" classname="com.informatica.cci.direct.CCIMetadataRecordInformation"/>
</testsuite> <!-- com.informatica.cci.direct.CCIMetadataRecordInformation -->
