<?xml version="1.0" encoding="UTF-8"?>
<!-- Generated by org.testng.reporters.JUnitReportReporter -->
<testsuite hostname="amakarovych-ua-1" name="com.informatica.cci.direct.CCIMetadataRecordDetail" tests="1" failures="0" timestamp="5 Jul 2023 10:12:36 GMT" time="0.018" errors="0">
  <testcase name="getMetadata" time="0.018" classname="com.informatica.cci.direct.CCIMetadataRecordDetail"/>
</testsuite> <!-- com.informatica.cci.direct.CCIMetadataRecordDetail -->
